<?xml version="1.0" encoding="UTF-8"?>
<testsuite xmlns:xsi="http://www.w3.org/2001/XMLSchema-instance" xsi:noNamespaceSchemaLocation="https://maven.apache.org/surefire/maven-surefire-plugin/xsd/surefire-test-report.xsd" name="io.quarkus.workshop.superheroes.villain.VillainResourceTest" time="10.87" tests="13" errors="1" skipped="12" failures="0">
  <properties>
    <property name="sun.desktop" value="windows"/>
    <property name="awt.toolkit" value="sun.awt.windows.WToolkit"/>
    <property name="java.specification.version" value="11"/>
    <property name="sun.cpu.isalist" value="amd64"/>
    <property name="sun.jnu.encoding" value="Cp1252"/>
    <property name="java.class.path" value="C:\Users\ctw00514\Documents\Projetos\Quarkus\quarkus-super-heroes-workshop\super-heroes\rest-villain\target\test-classes;C:\Users\ctw00514\Documents\Projetos\Quarkus\quarkus-super-heroes-workshop\super-heroes\rest-villain\target\classes;C:\Users\ctw00514\.m2\repository\io\quarkus\quarkus-resteasy\1.9.2.Final\quarkus-resteasy-1.9.2.Final.jar;C:\Users\ctw00514\.m2\repository\io\quarkus\quarkus-vertx-http\1.9.2.Final\quarkus-vertx-http-1.9.2.Final.jar;C:\Users\ctw00514\.m2\repository\io\quarkus\quarkus-security-runtime-spi\1.9.2.Final\quarkus-security-runtime-spi-1.9.2.Final.jar;C:\Users\ctw00514\.m2\repository\io\quarkus\quarkus-development-mode-spi\1.9.2.Final\quarkus-development-mode-spi-1.9.2.Final.jar;C:\Users\ctw00514\.m2\repository\io\quarkus\security\quarkus-security\1.1.3.Final\quarkus-security-1.1.3.Final.jar;C:\Users\ctw00514\.m2\repository\io\smallrye\reactive\mutiny\0.9.0\mutiny-0.9.0.jar;C:\Users\ctw00514\.m2\repository\org\reactivestreams\reactive-streams\1.0.3\reactive-streams-1.0.3.jar;C:\Users\ctw00514\.m2\repository\io\quarkus\quarkus-vertx-core\1.9.2.Final\quarkus-vertx-core-1.9.2.Final.jar;C:\Users\ctw00514\.m2\repository\io\quarkus\quarkus-netty\1.9.2.Final\quarkus-netty-1.9.2.Final.jar;C:\Users\ctw00514\.m2\repository\io\netty\netty-codec\4.1.49.Final\netty-codec-4.1.49.Final.jar;C:\Users\ctw00514\.m2\repository\io\netty\netty-handler\4.1.49.Final\netty-handler-4.1.49.Final.jar;C:\Users\ctw00514\.m2\repository\io\vertx\vertx-core\3.9.4\vertx-core-3.9.4.jar;C:\Users\ctw00514\.m2\repository\io\netty\netty-common\4.1.49.Final\netty-common-4.1.49.Final.jar;C:\Users\ctw00514\.m2\repository\io\netty\netty-buffer\4.1.49.Final\netty-buffer-4.1.49.Final.jar;C:\Users\ctw00514\.m2\repository\io\netty\netty-transport\4.1.49.Final\netty-transport-4.1.49.Final.jar;C:\Users\ctw00514\.m2\repository\io\netty\netty-handler-proxy\4.1.49.Final\netty-handler-proxy-4.1.49.Final.jar;C:\Users\ctw00514\.m2\repository\io\netty\netty-codec-socks\4.1.49.Final\netty-codec-socks-4.1.49.Final.jar;C:\Users\ctw00514\.m2\repository\io\netty\netty-codec-http\4.1.49.Final\netty-codec-http-4.1.49.Final.jar;C:\Users\ctw00514\.m2\repository\io\netty\netty-codec-http2\4.1.49.Final\netty-codec-http2-4.1.49.Final.jar;C:\Users\ctw00514\.m2\repository\io\netty\netty-resolver\4.1.49.Final\netty-resolver-4.1.49.Final.jar;C:\Users\ctw00514\.m2\repository\io\netty\netty-resolver-dns\4.1.49.Final\netty-resolver-dns-4.1.49.Final.jar;C:\Users\ctw00514\.m2\repository\io\netty\netty-codec-dns\4.1.49.Final\netty-codec-dns-4.1.49.Final.jar;C:\Users\ctw00514\.m2\repository\io\vertx\vertx-web\3.9.4\vertx-web-3.9.4.jar;C:\Users\ctw00514\.m2\repository\io\vertx\vertx-web-common\3.9.4\vertx-web-common-3.9.4.jar;C:\Users\ctw00514\.m2\repository\io\vertx\vertx-auth-common\3.9.4\vertx-auth-common-3.9.4.jar;C:\Users\ctw00514\.m2\repository\io\vertx\vertx-bridge-common\3.9.4\vertx-bridge-common-3.9.4.jar;C:\Users\ctw00514\.m2\repository\io\quarkus\quarkus-resteasy-server-common\1.9.2.Final\quarkus-resteasy-server-common-1.9.2.Final.jar;C:\Users\ctw00514\.m2\repository\io\quarkus\quarkus-resteasy-common\1.9.2.Final\quarkus-resteasy-common-1.9.2.Final.jar;C:\Users\ctw00514\.m2\repository\org\jboss\resteasy\resteasy-core\4.5.8.Final\resteasy-core-4.5.8.Final.jar;C:\Users\ctw00514\.m2\repository\org\jboss\spec\javax\ws\rs\jboss-jaxrs-api_2.1_spec\2.0.1.Final\jboss-jaxrs-api_2.1_spec-2.0.1.Final.jar;C:\Users\ctw00514\.m2\repository\org\jboss\resteasy\resteasy-core-spi\4.5.8.Final\resteasy-core-spi-4.5.8.Final.jar;C:\Users\ctw00514\.m2\repository\com\ibm\async\asyncutil\0.1.0\asyncutil-0.1.0.jar;C:\Users\ctw00514\.m2\repository\com\sun\activation\jakarta.activation\1.2.1\jakarta.activation-1.2.1.jar;C:\Users\ctw00514\.m2\repository\jakarta\validation\jakarta.validation-api\2.0.2\jakarta.validation-api-2.0.2.jar;C:\Users\ctw00514\.m2\repository\io\quarkus\quarkus-resteasy-jsonb\1.9.2.Final\quarkus-resteasy-jsonb-1.9.2.Final.jar;C:\Users\ctw00514\.m2\repository\io\quarkus\quarkus-jsonb\1.9.2.Final\quarkus-jsonb-1.9.2.Final.jar;C:\Users\ctw00514\.m2\repository\org\eclipse\yasson\1.0.8\yasson-1.0.8.jar;C:\Users\ctw00514\.m2\repository\org\jboss\resteasy\resteasy-json-binding-provider\4.5.8.Final\resteasy-json-binding-provider-4.5.8.Final.jar;C:\Users\ctw00514\.m2\repository\org\glassfish\jakarta.json\1.1.6\jakarta.json-1.1.6.jar;C:\Users\ctw00514\.m2\repository\jakarta\json\bind\jakarta.json.bind-api\1.0.2\jakarta.json.bind-api-1.0.2.jar;C:\Users\ctw00514\.m2\repository\org\jboss\logging\jboss-logging\3.4.1.Final\jboss-logging-3.4.1.Final.jar;C:\Users\ctw00514\.m2\repository\org\jboss\resteasy\resteasy-json-p-provider\4.5.8.Final\resteasy-json-p-provider-4.5.8.Final.jar;C:\Users\ctw00514\.m2\repository\commons-io\commons-io\2.8.0\commons-io-2.8.0.jar;C:\Users\ctw00514\.m2\repository\io\quarkus\quarkus-hibernate-orm-panache\1.9.2.Final\quarkus-hibernate-orm-panache-1.9.2.Final.jar;C:\Users\ctw00514\.m2\repository\io\quarkus\quarkus-core\1.9.2.Final\quarkus-core-1.9.2.Final.jar;C:\Users\ctw00514\.m2\repository\jakarta\annotation\jakarta.annotation-api\1.3.5\jakarta.annotation-api-1.3.5.jar;C:\Users\ctw00514\.m2\repository\jakarta\enterprise\jakarta.enterprise.cdi-api\2.0.2\jakarta.enterprise.cdi-api-2.0.2.jar;C:\Users\ctw00514\.m2\repository\jakarta\el\jakarta.el-api\3.0.3\jakarta.el-api-3.0.3.jar;C:\Users\ctw00514\.m2\repository\jakarta\interceptor\jakarta.interceptor-api\1.2.5\jakarta.interceptor-api-1.2.5.jar;C:\Users\ctw00514\.m2\repository\jakarta\inject\jakarta.inject-api\1.0\jakarta.inject-api-1.0.jar;C:\Users\ctw00514\.m2\repository\io\quarkus\quarkus-ide-launcher\1.9.2.Final\quarkus-ide-launcher-1.9.2.Final.jar;C:\Users\ctw00514\.m2\repository\io\smallrye\config\smallrye-config\1.9.3\smallrye-config-1.9.3.jar;C:\Users\ctw00514\.m2\repository\io\smallrye\common\smallrye-common-annotation\1.4.0\smallrye-common-annotation-1.4.0.jar;C:\Users\ctw00514\.m2\repository\io\smallrye\config\smallrye-config-common\1.9.3\smallrye-config-common-1.9.3.jar;C:\Users\ctw00514\.m2\repository\io\smallrye\common\smallrye-common-expression\1.4.0\smallrye-common-expression-1.4.0.jar;C:\Users\ctw00514\.m2\repository\io\smallrye\common\smallrye-common-function\1.4.0\smallrye-common-function-1.4.0.jar;C:\Users\ctw00514\.m2\repository\io\smallrye\common\smallrye-common-constraint\1.4.0\smallrye-common-constraint-1.4.0.jar;C:\Users\ctw00514\.m2\repository\io\smallrye\common\smallrye-common-classloader\1.4.0\smallrye-common-classloader-1.4.0.jar;C:\Users\ctw00514\.m2\repository\org\ow2\asm\asm\8.0.1\asm-8.0.1.jar;C:\Users\ctw00514\.m2\repository\org\jboss\logmanager\jboss-logmanager-embedded\1.0.6\jboss-logmanager-embedded-1.0.6.jar;C:\Users\ctw00514\.m2\repository\org\jboss\logging\jboss-logging-annotations\2.1.0.Final\jboss-logging-annotations-2.1.0.Final.jar;C:\Users\ctw00514\.m2\repository\org\jboss\threads\jboss-threads\3.1.1.Final\jboss-threads-3.1.1.Final.jar;C:\Users\ctw00514\.m2\repository\org\slf4j\slf4j-api\1.7.30\slf4j-api-1.7.30.jar;C:\Users\ctw00514\.m2\repository\org\jboss\slf4j\slf4j-jboss-logging\1.2.0.Final\slf4j-jboss-logging-1.2.0.Final.jar;C:\Users\ctw00514\.m2\repository\org\graalvm\sdk\graal-sdk\20.2.0\graal-sdk-20.2.0.jar;C:\Users\ctw00514\.m2\repository\org\wildfly\common\wildfly-common\1.5.4.Final-format-001\wildfly-common-1.5.4.Final-format-001.jar;C:\Users\ctw00514\.m2\repository\io\quarkus\quarkus-bootstrap-runner\1.9.2.Final\quarkus-bootstrap-runner-1.9.2.Final.jar;C:\Users\ctw00514\.m2\repository\io\quarkus\quarkus-hibernate-orm\1.9.2.Final\quarkus-hibernate-orm-1.9.2.Final.jar;C:\Users\ctw00514\.m2\repository\io\quarkus\quarkus-agroal\1.9.2.Final\quarkus-agroal-1.9.2.Final.jar;C:\Users\ctw00514\.m2\repository\io\quarkus\quarkus-datasource\1.9.2.Final\quarkus-datasource-1.9.2.Final.jar;C:\Users\ctw00514\.m2\repository\io\quarkus\quarkus-datasource-common\1.9.2.Final\quarkus-datasource-common-1.9.2.Final.jar;C:\Users\ctw00514\.m2\repository\org\jboss\narayana\jta\narayana-jta\5.10.6.Final\narayana-jta-5.10.6.Final.jar;C:\Users\ctw00514\.m2\repository\org\jboss\jboss-transaction-spi\7.6.0.Final\jboss-transaction-spi-7.6.0.Final.jar;C:\Users\ctw00514\.m2\repository\org\jboss\spec\javax\resource\jboss-connector-api_1.7_spec\1.0.0.Final\jboss-connector-api_1.7_spec-1.0.0.Final.jar;C:\Users\ctw00514\.m2\repository\org\jboss\narayana\jts\narayana-jts-integration\5.10.6.Final\narayana-jts-integration-5.10.6.Final.jar;C:\Users\ctw00514\.m2\repository\io\agroal\agroal-api\1.8\agroal-api-1.8.jar;C:\Users\ctw00514\.m2\repository\io\agroal\agroal-narayana\1.8\agroal-narayana-1.8.jar;C:\Users\ctw00514\.m2\repository\io\agroal\agroal-pool\1.8\agroal-pool-1.8.jar;C:\Users\ctw00514\.m2\repository\io\quarkus\quarkus-credentials\1.9.2.Final\quarkus-credentials-1.9.2.Final.jar;C:\Users\ctw00514\.m2\repository\io\quarkus\quarkus-narayana-jta\1.9.2.Final\quarkus-narayana-jta-1.9.2.Final.jar;C:\Users\ctw00514\.m2\repository\io\quarkus\quarkus-mutiny\1.9.2.Final\quarkus-mutiny-1.9.2.Final.jar;C:\Users\ctw00514\.m2\repository\io\quarkus\quarkus-smallrye-context-propagation\1.9.2.Final\quarkus-smallrye-context-propagation-1.9.2.Final.jar;C:\Users\ctw00514\.m2\repository\io\smallrye\smallrye-context-propagation\1.0.13\smallrye-context-propagation-1.0.13.jar;C:\Users\ctw00514\.m2\repository\io\smallrye\smallrye-context-propagation-api\1.0.13\smallrye-context-propagation-api-1.0.13.jar;C:\Users\ctw00514\.m2\repository\io\smallrye\reactive\mutiny-context-propagation\0.9.0\mutiny-context-propagation-0.9.0.jar;C:\Users\ctw00514\.m2\repository\io\smallrye\smallrye-context-propagation-jta\1.0.13\smallrye-context-propagation-jta-1.0.13.jar;C:\Users\ctw00514\.m2\repository\io\smallrye\reactive\smallrye-reactive-converter-api\1.2.2\smallrye-reactive-converter-api-1.2.2.jar;C:\Users\ctw00514\.m2\repository\io\smallrye\reactive\smallrye-reactive-converter-mutiny\1.2.2\smallrye-reactive-converter-mutiny-1.2.2.jar;C:\Users\ctw00514\.m2\repository\org\hibernate\hibernate-core\5.4.22.Final\hibernate-core-5.4.22.Final.jar;C:\Users\ctw00514\.m2\repository\net\bytebuddy\byte-buddy\1.10.10\byte-buddy-1.10.10.jar;C:\Users\ctw00514\.m2\repository\antlr\antlr\2.7.7\antlr-2.7.7.jar;C:\Users\ctw00514\.m2\repository\org\dom4j\dom4j\2.1.3\dom4j-2.1.3.jar;C:\Users\ctw00514\.m2\repository\org\hibernate\common\hibernate-commons-annotations\5.1.0.Final\hibernate-commons-annotations-5.1.0.Final.jar;C:\Users\ctw00514\.m2\repository\org\hibernate\hibernate-graalvm\5.4.22.Final\hibernate-graalvm-5.4.22.Final.jar;C:\Users\ctw00514\.m2\repository\org\glassfish\jaxb\jaxb-runtime\2.3.3-b02\jaxb-runtime-2.3.3-b02.jar;C:\Users\ctw00514\.m2\repository\org\glassfish\jaxb\txw2\2.3.3-b02\txw2-2.3.3-b02.jar;C:\Users\ctw00514\.m2\repository\com\sun\istack\istack-commons-runtime\3.0.10\istack-commons-runtime-3.0.10.jar;C:\Users\ctw00514\.m2\repository\org\jboss\spec\javax\xml\bind\jboss-jaxb-api_2.3_spec\2.0.0.Final\jboss-jaxb-api_2.3_spec-2.0.0.Final.jar;C:\Users\ctw00514\.m2\repository\jakarta\persistence\jakarta.persistence-api\2.2.3\jakarta.persistence-api-2.2.3.jar;C:\Users\ctw00514\.m2\repository\jakarta\transaction\jakarta.transaction-api\1.3.3\jakarta.transaction-api-1.3.3.jar;C:\Users\ctw00514\.m2\repository\org\hibernate\quarkus-local-cache\0.1.0\quarkus-local-cache-0.1.0.jar;C:\Users\ctw00514\.m2\repository\com\github\ben-manes\caffeine\caffeine\2.8.6\caffeine-2.8.6.jar;C:\Users\ctw00514\.m2\repository\com\google\errorprone\error_prone_annotations\2.2.0\error_prone_annotations-2.2.0.jar;C:\Users\ctw00514\.m2\repository\io\quarkus\quarkus-caffeine\1.9.2.Final\quarkus-caffeine-1.9.2.Final.jar;C:\Users\ctw00514\.m2\repository\io\quarkus\quarkus-hibernate-orm-panache-common\1.9.2.Final\quarkus-hibernate-orm-panache-common-1.9.2.Final.jar;C:\Users\ctw00514\.m2\repository\io\quarkus\quarkus-panache-hibernate-common\1.9.2.Final\quarkus-panache-hibernate-common-1.9.2.Final.jar;C:\Users\ctw00514\.m2\repository\io\quarkus\quarkus-arc\1.9.2.Final\quarkus-arc-1.9.2.Final.jar;C:\Users\ctw00514\.m2\repository\io\quarkus\arc\arc\1.9.2.Final\arc-1.9.2.Final.jar;C:\Users\ctw00514\.m2\repository\org\eclipse\microprofile\context-propagation\microprofile-context-propagation-api\1.0.1\microprofile-context-propagation-api-1.0.1.jar;C:\Users\ctw00514\.m2\repository\io\quarkus\quarkus-panache-common\1.9.2.Final\quarkus-panache-common-1.9.2.Final.jar;C:\Users\ctw00514\.m2\repository\io\quarkus\quarkus-jdbc-postgresql\1.9.2.Final\quarkus-jdbc-postgresql-1.9.2.Final.jar;C:\Users\ctw00514\.m2\repository\org\postgresql\postgresql\42.2.16\postgresql-42.2.16.jar;C:\Users\ctw00514\.m2\repository\io\quarkus\quarkus-hibernate-validator\1.9.2.Final\quarkus-hibernate-validator-1.9.2.Final.jar;C:\Users\ctw00514\.m2\repository\org\hibernate\validator\hibernate-validator\6.1.6.Final\hibernate-validator-6.1.6.Final.jar;C:\Users\ctw00514\.m2\repository\com\fasterxml\classmate\1.3.4\classmate-1.3.4.jar;C:\Users\ctw00514\.m2\repository\org\glassfish\jakarta.el\3.0.3\jakarta.el-3.0.3.jar;C:\Users\ctw00514\.m2\repository\io\quarkus\quarkus-smallrye-openapi\1.9.2.Final\quarkus-smallrye-openapi-1.9.2.Final.jar;C:\Users\ctw00514\.m2\repository\io\smallrye\smallrye-open-api-core\2.0.10\smallrye-open-api-core-2.0.10.jar;C:\Users\ctw00514\.m2\repository\org\eclipse\microprofile\openapi\microprofile-openapi-api\1.1.2\microprofile-openapi-api-1.1.2.jar;C:\Users\ctw00514\.m2\repository\org\eclipse\microprofile\config\microprofile-config-api\1.4\microprofile-config-api-1.4.jar;C:\Users\ctw00514\.m2\repository\com\fasterxml\jackson\dataformat\jackson-dataformat-yaml\2.11.3\jackson-dataformat-yaml-2.11.3.jar;C:\Users\ctw00514\.m2\repository\org\yaml\snakeyaml\1.27\snakeyaml-1.27.jar;C:\Users\ctw00514\.m2\repository\org\jboss\jandex\2.2.1.Final\jandex-2.2.1.Final.jar;C:\Users\ctw00514\.m2\repository\io\quarkus\quarkus-swagger-ui\1.9.2.Final\quarkus-swagger-ui-1.9.2.Final.jar;C:\Users\ctw00514\.m2\repository\io\quarkus\quarkus-smallrye-health\1.9.2.Final\quarkus-smallrye-health-1.9.2.Final.jar;C:\Users\ctw00514\.m2\repository\io\smallrye\smallrye-health\2.2.3\smallrye-health-2.2.3.jar;C:\Users\ctw00514\.m2\repository\org\eclipse\microprofile\health\microprofile-health-api\2.2\microprofile-health-api-2.2.jar;C:\Users\ctw00514\.m2\repository\io\smallrye\smallrye-health-api\2.2.3\smallrye-health-api-2.2.3.jar;C:\Users\ctw00514\.m2\repository\io\smallrye\smallrye-health-ui\2.2.3\smallrye-health-ui-2.2.3.jar;C:\Users\ctw00514\.m2\repository\io\smallrye\smallrye-health-provided-checks\2.2.3\smallrye-health-provided-checks-2.2.3.jar;C:\Users\ctw00514\.m2\repository\io\quarkus\quarkus-jsonp\1.9.2.Final\quarkus-jsonp-1.9.2.Final.jar;C:\Users\ctw00514\.m2\repository\io\quarkus\quarkus-smallrye-metrics\1.9.2.Final\quarkus-smallrye-metrics-1.9.2.Final.jar;C:\Users\ctw00514\.m2\repository\io\smallrye\smallrye-metrics\2.4.4\smallrye-metrics-2.4.4.jar;C:\Users\ctw00514\.m2\repository\io\smallrye\smallrye-metrics-api\2.4.4\smallrye-metrics-api-2.4.4.jar;C:\Users\ctw00514\.m2\repository\org\eclipse\microprofile\metrics\microprofile-metrics-api\2.3\microprofile-metrics-api-2.3.jar;C:\Users\ctw00514\.m2\repository\io\quarkus\quarkus-junit5\1.9.2.Final\quarkus-junit5-1.9.2.Final.jar;C:\Users\ctw00514\.m2\repository\io\quarkus\quarkus-bootstrap-core\1.9.2.Final\quarkus-bootstrap-core-1.9.2.Final.jar;C:\Users\ctw00514\.m2\repository\io\quarkus\quarkus-bootstrap-app-model\1.9.2.Final\quarkus-bootstrap-app-model-1.9.2.Final.jar;C:\Users\ctw00514\.m2\repository\io\quarkus\quarkus-bootstrap-maven-resolver\1.9.2.Final\quarkus-bootstrap-maven-resolver-1.9.2.Final.jar;C:\Users\ctw00514\.m2\repository\org\apache\maven\maven-embedder\3.6.3\maven-embedder-3.6.3.jar;C:\Users\ctw00514\.m2\repository\org\apache\maven\maven-settings\3.6.3\maven-settings-3.6.3.jar;C:\Users\ctw00514\.m2\repository\org\apache\maven\maven-core\3.6.3\maven-core-3.6.3.jar;C:\Users\ctw00514\.m2\repository\org\apache\maven\maven-artifact\3.6.3\maven-artifact-3.6.3.jar;C:\Users\ctw00514\.m2\repository\org\codehaus\plexus\plexus-component-annotations\2.1.0\plexus-component-annotations-2.1.0.jar;C:\Users\ctw00514\.m2\repository\org\apache\maven\maven-plugin-api\3.6.3\maven-plugin-api-3.6.3.jar;C:\Users\ctw00514\.m2\repository\org\apache\maven\maven-model\3.6.3\maven-model-3.6.3.jar;C:\Users\ctw00514\.m2\repository\org\apache\maven\maven-model-builder\3.6.3\maven-model-builder-3.6.3.jar;C:\Users\ctw00514\.m2\repository\org\apache\maven\maven-builder-support\3.6.3\maven-builder-support-3.6.3.jar;C:\Users\ctw00514\.m2\repository\org\apache\maven\resolver\maven-resolver-api\1.4.1\maven-resolver-api-1.4.1.jar;C:\Users\ctw00514\.m2\repository\org\apache\maven\resolver\maven-resolver-util\1.4.1\maven-resolver-util-1.4.1.jar;C:\Users\ctw00514\.m2\repository\org\apache\maven\shared\maven-shared-utils\3.2.1\maven-shared-utils-3.2.1.jar;C:\Users\ctw00514\.m2\repository\com\google\inject\guice\4.2.1\guice-4.2.1-no_aop.jar;C:\Users\ctw00514\.m2\repository\com\google\guava\guava\29.0-jre\guava-29.0-jre.jar;C:\Users\ctw00514\.m2\repository\com\google\guava\failureaccess\1.0.1\failureaccess-1.0.1.jar;C:\Users\ctw00514\.m2\repository\com\google\guava\listenablefuture\9999.0-empty-to-avoid-conflict-with-guava\listenablefuture-9999.0-empty-to-avoid-conflict-with-guava.jar;C:\Users\ctw00514\.m2\repository\org\codehaus\plexus\plexus-utils\3.2.1\plexus-utils-3.2.1.jar;C:\Users\ctw00514\.m2\repository\org\codehaus\plexus\plexus-classworlds\2.6.0\plexus-classworlds-2.6.0.jar;C:\Users\ctw00514\.m2\repository\commons-cli\commons-cli\1.4\commons-cli-1.4.jar;C:\Users\ctw00514\.m2\repository\org\eclipse\sisu\org.eclipse.sisu.plexus\0.3.4\org.eclipse.sisu.plexus-0.3.4.jar;C:\Users\ctw00514\.m2\repository\org\apache\maven\maven-settings-builder\3.6.3\maven-settings-builder-3.6.3.jar;C:\Users\ctw00514\.m2\repository\org\codehaus\plexus\plexus-interpolation\1.25\plexus-interpolation-1.25.jar;C:\Users\ctw00514\.m2\repository\org\sonatype\plexus\plexus-sec-dispatcher\1.4\plexus-sec-dispatcher-1.4.jar;C:\Users\ctw00514\.m2\repository\org\sonatype\plexus\plexus-cipher\1.4\plexus-cipher-1.4.jar;C:\Users\ctw00514\.m2\repository\org\apache\maven\maven-resolver-provider\3.6.3\maven-resolver-provider-3.6.3.jar;C:\Users\ctw00514\.m2\repository\org\apache\maven\maven-repository-metadata\3.6.3\maven-repository-metadata-3.6.3.jar;C:\Users\ctw00514\.m2\repository\org\apache\maven\resolver\maven-resolver-spi\1.4.1\maven-resolver-spi-1.4.1.jar;C:\Users\ctw00514\.m2\repository\org\apache\maven\resolver\maven-resolver-impl\1.4.1\maven-resolver-impl-1.4.1.jar;C:\Users\ctw00514\.m2\repository\org\apache\maven\resolver\maven-resolver-connector-basic\1.4.1\maven-resolver-connector-basic-1.4.1.jar;C:\Users\ctw00514\.m2\repository\org\apache\maven\resolver\maven-resolver-transport-wagon\1.4.1\maven-resolver-transport-wagon-1.4.1.jar;C:\Users\ctw00514\.m2\repository\org\apache\maven\wagon\wagon-http\3.3.4\wagon-http-3.3.4.jar;C:\Users\ctw00514\.m2\repository\org\apache\maven\wagon\wagon-http-shared\3.3.4\wagon-http-shared-3.3.4.jar;C:\Users\ctw00514\.m2\repository\org\jsoup\jsoup\1.12.1\jsoup-1.12.1.jar;C:\Users\ctw00514\.m2\repository\org\apache\maven\wagon\wagon-provider-api\3.3.4\wagon-provider-api-3.3.4.jar;C:\Users\ctw00514\.m2\repository\org\apache\maven\wagon\wagon-file\3.3.4\wagon-file-3.3.4.jar;C:\Users\ctw00514\.m2\repository\io\quarkus\quarkus-bootstrap-gradle-resolver\1.9.2.Final\quarkus-bootstrap-gradle-resolver-1.9.2.Final.jar;C:\Users\ctw00514\.m2\repository\io\smallrye\common\smallrye-common-io\1.4.0\smallrye-common-io-1.4.0.jar;C:\Users\ctw00514\.m2\repository\org\eclipse\sisu\org.eclipse.sisu.inject\0.3.4\org.eclipse.sisu.inject-0.3.4.jar;C:\Users\ctw00514\.m2\repository\io\quarkus\quarkus-test-common\1.9.2.Final\quarkus-test-common-1.9.2.Final.jar;C:\Users\ctw00514\.m2\repository\io\quarkus\quarkus-core-deployment\1.9.2.Final\quarkus-core-deployment-1.9.2.Final.jar;C:\Users\ctw00514\.m2\repository\io\quarkus\gizmo\gizmo\1.0.4.Final\gizmo-1.0.4.Final.jar;C:\Users\ctw00514\.m2\repository\org\ow2\asm\asm-util\8.0.1\asm-util-8.0.1.jar;C:\Users\ctw00514\.m2\repository\org\ow2\asm\asm-tree\8.0.1\asm-tree-8.0.1.jar;C:\Users\ctw00514\.m2\repository\org\ow2\asm\asm-analysis\8.0.1\asm-analysis-8.0.1.jar;C:\Users\ctw00514\.m2\repository\io\quarkus\quarkus-devtools-utilities\1.9.2.Final\quarkus-devtools-utilities-1.9.2.Final.jar;C:\Users\ctw00514\.m2\repository\io\quarkus\quarkus-builder\1.9.2.Final\quarkus-builder-1.9.2.Final.jar;C:\Users\ctw00514\.m2\repository\io\quarkus\quarkus-jsonp-deployment\1.9.2.Final\quarkus-jsonp-deployment-1.9.2.Final.jar;C:\Users\ctw00514\.m2\repository\org\jboss\logging\commons-logging-jboss-logging\1.0.0.Final\commons-logging-jboss-logging-1.0.0.Final.jar;C:\Users\ctw00514\.m2\repository\org\junit\jupiter\junit-jupiter\5.7.0\junit-jupiter-5.7.0.jar;C:\Users\ctw00514\.m2\repository\org\junit\jupiter\junit-jupiter-params\5.7.0\junit-jupiter-params-5.7.0.jar;C:\Users\ctw00514\.m2\repository\org\junit\jupiter\junit-jupiter-engine\5.7.0\junit-jupiter-engine-5.7.0.jar;C:\Users\ctw00514\.m2\repository\org\junit\platform\junit-platform-engine\1.7.0\junit-platform-engine-1.7.0.jar;C:\Users\ctw00514\.m2\repository\com\thoughtworks\xstream\xstream\1.4.13\xstream-1.4.13.jar;C:\Users\ctw00514\.m2\repository\xmlpull\xmlpull\1.1.3.1\xmlpull-1.1.3.1.jar;C:\Users\ctw00514\.m2\repository\xpp3\xpp3_min\1.1.4c\xpp3_min-1.1.4c.jar;C:\Users\ctw00514\.m2\repository\io\rest-assured\rest-assured\4.3.0\rest-assured-4.3.0.jar;C:\Users\ctw00514\.m2\repository\org\codehaus\groovy\groovy\3.0.2\groovy-3.0.2.jar;C:\Users\ctw00514\.m2\repository\org\codehaus\groovy\groovy-xml\3.0.2\groovy-xml-3.0.2.jar;C:\Users\ctw00514\.m2\repository\org\apache\httpcomponents\httpclient\4.5.13\httpclient-4.5.13.jar;C:\Users\ctw00514\.m2\repository\org\apache\httpcomponents\httpcore\4.4.13\httpcore-4.4.13.jar;C:\Users\ctw00514\.m2\repository\commons-codec\commons-codec\1.14\commons-codec-1.14.jar;C:\Users\ctw00514\.m2\repository\org\apache\httpcomponents\httpmime\4.5.13\httpmime-4.5.13.jar;C:\Users\ctw00514\.m2\repository\org\hamcrest\hamcrest\2.1\hamcrest-2.1.jar;C:\Users\ctw00514\.m2\repository\org\ccil\cowan\tagsoup\tagsoup\1.2.1\tagsoup-1.2.1.jar;C:\Users\ctw00514\.m2\repository\io\rest-assured\json-path\4.3.0\json-path-4.3.0.jar;C:\Users\ctw00514\.m2\repository\org\codehaus\groovy\groovy-json\3.0.2\groovy-json-3.0.2.jar;C:\Users\ctw00514\.m2\repository\io\rest-assured\rest-assured-common\4.3.0\rest-assured-common-4.3.0.jar;C:\Users\ctw00514\.m2\repository\io\rest-assured\xml-path\4.3.0\xml-path-4.3.0.jar;C:\Users\ctw00514\.m2\repository\org\apache\commons\commons-lang3\3.9\commons-lang3-3.9.jar;C:\Users\ctw00514\.m2\repository\jakarta\xml\bind\jakarta.xml.bind-api\2.3.2\jakarta.xml.bind-api-2.3.2.jar;C:\Users\ctw00514\.m2\repository\jakarta\activation\jakarta.activation-api\1.2.1\jakarta.activation-api-1.2.1.jar;C:\Users\ctw00514\.m2\repository\org\apache\sling\org.apache.sling.javax.activation\0.1.0\org.apache.sling.javax.activation-0.1.0.jar;C:\Users\ctw00514\.m2\repository\com\fasterxml\jackson\core\jackson-databind\2.11.3\jackson-databind-2.11.3.jar;C:\Users\ctw00514\.m2\repository\com\fasterxml\jackson\core\jackson-annotations\2.11.3\jackson-annotations-2.11.3.jar;C:\Users\ctw00514\.m2\repository\com\fasterxml\jackson\core\jackson-core\2.11.3\jackson-core-2.11.3.jar;C:\Users\ctw00514\.m2\repository\org\testcontainers\junit-jupiter\1.12.2\junit-jupiter-1.12.2.jar;C:\Users\ctw00514\.m2\repository\org\testcontainers\testcontainers\1.12.2\testcontainers-1.12.2.jar;C:\Users\ctw00514\.m2\repository\junit\junit\4.12\junit-4.12.jar;C:\Users\ctw00514\.m2\repository\org\hamcrest\hamcrest-core\1.3\hamcrest-core-1.3.jar;C:\Users\ctw00514\.m2\repository\org\jetbrains\annotations\17.0.0\annotations-17.0.0.jar;C:\Users\ctw00514\.m2\repository\javax\annotation\javax.annotation-api\1.3.2\javax.annotation-api-1.3.2.jar;C:\Users\ctw00514\.m2\repository\org\apache\commons\commons-compress\1.20\commons-compress-1.20.jar;C:\Users\ctw00514\.m2\repository\javax\xml\bind\jaxb-api\2.3.1\jaxb-api-2.3.1.jar;C:\Users\ctw00514\.m2\repository\javax\activation\javax.activation-api\1.2.0\javax.activation-api-1.2.0.jar;C:\Users\ctw00514\.m2\repository\org\rnorth\duct-tape\duct-tape\1.0.8\duct-tape-1.0.8.jar;C:\Users\ctw00514\.m2\repository\org\rnorth\visible-assertions\visible-assertions\2.1.2\visible-assertions-2.1.2.jar;C:\Users\ctw00514\.m2\repository\org\rnorth\tcp-unix-socket-proxy\1.0.2\tcp-unix-socket-proxy-1.0.2.jar;C:\Users\ctw00514\.m2\repository\com\kohlschutter\junixsocket\junixsocket-native-common\2.0.4\junixsocket-native-common-2.0.4.jar;C:\Users\ctw00514\.m2\repository\org\scijava\native-lib-loader\2.0.2\native-lib-loader-2.0.2.jar;C:\Users\ctw00514\.m2\repository\com\kohlschutter\junixsocket\junixsocket-common\2.0.4\junixsocket-common-2.0.4.jar;C:\Users\ctw00514\.m2\repository\net\java\dev\jna\jna-platform\5.3.1\jna-platform-5.3.1.jar;C:\Users\ctw00514\.m2\repository\net\java\dev\jna\jna\5.3.1\jna-5.3.1.jar;C:\Users\ctw00514\.m2\repository\org\junit\jupiter\junit-jupiter-api\5.7.0\junit-jupiter-api-5.7.0.jar;C:\Users\ctw00514\.m2\repository\org\apiguardian\apiguardian-api\1.1.0\apiguardian-api-1.1.0.jar;C:\Users\ctw00514\.m2\repository\org\opentest4j\opentest4j\1.2.0\opentest4j-1.2.0.jar;C:\Users\ctw00514\.m2\repository\org\junit\platform\junit-platform-commons\1.7.0\junit-platform-commons-1.7.0.jar;C:\Users\ctw00514\.m2\repository\org\testcontainers\postgresql\1.12.2\postgresql-1.12.2.jar;C:\Users\ctw00514\.m2\repository\org\testcontainers\jdbc\1.12.2\jdbc-1.12.2.jar;C:\Users\ctw00514\.m2\repository\org\testcontainers\database-commons\1.12.2\database-commons-1.12.2.jar;"/>
    <property name="java.vm.vendor" value="Oracle Corporation"/>
    <property name="sun.arch.data.model" value="64"/>
    <property name="user.variant" value=""/>
    <property name="java.vendor.url" value="https://openjdk.java.net/"/>
    <property name="user.timezone" value="Europe/London"/>
    <property name="user.country.format" value="PT"/>
    <property name="java.vm.specification.version" value="11"/>
    <property name="os.name" value="Windows 10"/>
    <property name="sun.java.launcher" value="SUN_STANDARD"/>
    <property name="user.country" value="US"/>
    <property name="sun.boot.library.path" value="C:\Program Files\Java\jdk-11.0.9\bin"/>
    <property name="sun.java.command" value="C:\Users\ctw00514\AppData\Local\Temp\surefire7026696625230656807\surefirebooter6407336214547510381.jar C:\Users\ctw00514\AppData\Local\Temp\surefire7026696625230656807 2021-02-15T16-04-01_781-jvmRun1 surefire7459503976114821271tmp surefire_01774776520601403271tmp"/>
    <property name="jdk.debug" value="release"/>
    <property name="surefire.test.class.path" value="C:\Users\ctw00514\Documents\Projetos\Quarkus\quarkus-super-heroes-workshop\super-heroes\rest-villain\target\test-classes;C:\Users\ctw00514\Documents\Projetos\Quarkus\quarkus-super-heroes-workshop\super-heroes\rest-villain\target\classes;C:\Users\ctw00514\.m2\repository\io\quarkus\quarkus-resteasy\1.9.2.Final\quarkus-resteasy-1.9.2.Final.jar;C:\Users\ctw00514\.m2\repository\io\quarkus\quarkus-vertx-http\1.9.2.Final\quarkus-vertx-http-1.9.2.Final.jar;C:\Users\ctw00514\.m2\repository\io\quarkus\quarkus-security-runtime-spi\1.9.2.Final\quarkus-security-runtime-spi-1.9.2.Final.jar;C:\Users\ctw00514\.m2\repository\io\quarkus\quarkus-development-mode-spi\1.9.2.Final\quarkus-development-mode-spi-1.9.2.Final.jar;C:\Users\ctw00514\.m2\repository\io\quarkus\security\quarkus-security\1.1.3.Final\quarkus-security-1.1.3.Final.jar;C:\Users\ctw00514\.m2\repository\io\smallrye\reactive\mutiny\0.9.0\mutiny-0.9.0.jar;C:\Users\ctw00514\.m2\repository\org\reactivestreams\reactive-streams\1.0.3\reactive-streams-1.0.3.jar;C:\Users\ctw00514\.m2\repository\io\quarkus\quarkus-vertx-core\1.9.2.Final\quarkus-vertx-core-1.9.2.Final.jar;C:\Users\ctw00514\.m2\repository\io\quarkus\quarkus-netty\1.9.2.Final\quarkus-netty-1.9.2.Final.jar;C:\Users\ctw00514\.m2\repository\io\netty\netty-codec\4.1.49.Final\netty-codec-4.1.49.Final.jar;C:\Users\ctw00514\.m2\repository\io\netty\netty-handler\4.1.49.Final\netty-handler-4.1.49.Final.jar;C:\Users\ctw00514\.m2\repository\io\vertx\vertx-core\3.9.4\vertx-core-3.9.4.jar;C:\Users\ctw00514\.m2\repository\io\netty\netty-common\4.1.49.Final\netty-common-4.1.49.Final.jar;C:\Users\ctw00514\.m2\repository\io\netty\netty-buffer\4.1.49.Final\netty-buffer-4.1.49.Final.jar;C:\Users\ctw00514\.m2\repository\io\netty\netty-transport\4.1.49.Final\netty-transport-4.1.49.Final.jar;C:\Users\ctw00514\.m2\repository\io\netty\netty-handler-proxy\4.1.49.Final\netty-handler-proxy-4.1.49.Final.jar;C:\Users\ctw00514\.m2\repository\io\netty\netty-codec-socks\4.1.49.Final\netty-codec-socks-4.1.49.Final.jar;C:\Users\ctw00514\.m2\repository\io\netty\netty-codec-http\4.1.49.Final\netty-codec-http-4.1.49.Final.jar;C:\Users\ctw00514\.m2\repository\io\netty\netty-codec-http2\4.1.49.Final\netty-codec-http2-4.1.49.Final.jar;C:\Users\ctw00514\.m2\repository\io\netty\netty-resolver\4.1.49.Final\netty-resolver-4.1.49.Final.jar;C:\Users\ctw00514\.m2\repository\io\netty\netty-resolver-dns\4.1.49.Final\netty-resolver-dns-4.1.49.Final.jar;C:\Users\ctw00514\.m2\repository\io\netty\netty-codec-dns\4.1.49.Final\netty-codec-dns-4.1.49.Final.jar;C:\Users\ctw00514\.m2\repository\io\vertx\vertx-web\3.9.4\vertx-web-3.9.4.jar;C:\Users\ctw00514\.m2\repository\io\vertx\vertx-web-common\3.9.4\vertx-web-common-3.9.4.jar;C:\Users\ctw00514\.m2\repository\io\vertx\vertx-auth-common\3.9.4\vertx-auth-common-3.9.4.jar;C:\Users\ctw00514\.m2\repository\io\vertx\vertx-bridge-common\3.9.4\vertx-bridge-common-3.9.4.jar;C:\Users\ctw00514\.m2\repository\io\quarkus\quarkus-resteasy-server-common\1.9.2.Final\quarkus-resteasy-server-common-1.9.2.Final.jar;C:\Users\ctw00514\.m2\repository\io\quarkus\quarkus-resteasy-common\1.9.2.Final\quarkus-resteasy-common-1.9.2.Final.jar;C:\Users\ctw00514\.m2\repository\org\jboss\resteasy\resteasy-core\4.5.8.Final\resteasy-core-4.5.8.Final.jar;C:\Users\ctw00514\.m2\repository\org\jboss\spec\javax\ws\rs\jboss-jaxrs-api_2.1_spec\2.0.1.Final\jboss-jaxrs-api_2.1_spec-2.0.1.Final.jar;C:\Users\ctw00514\.m2\repository\org\jboss\resteasy\resteasy-core-spi\4.5.8.Final\resteasy-core-spi-4.5.8.Final.jar;C:\Users\ctw00514\.m2\repository\com\ibm\async\asyncutil\0.1.0\asyncutil-0.1.0.jar;C:\Users\ctw00514\.m2\repository\com\sun\activation\jakarta.activation\1.2.1\jakarta.activation-1.2.1.jar;C:\Users\ctw00514\.m2\repository\jakarta\validation\jakarta.validation-api\2.0.2\jakarta.validation-api-2.0.2.jar;C:\Users\ctw00514\.m2\repository\io\quarkus\quarkus-resteasy-jsonb\1.9.2.Final\quarkus-resteasy-jsonb-1.9.2.Final.jar;C:\Users\ctw00514\.m2\repository\io\quarkus\quarkus-jsonb\1.9.2.Final\quarkus-jsonb-1.9.2.Final.jar;C:\Users\ctw00514\.m2\repository\org\eclipse\yasson\1.0.8\yasson-1.0.8.jar;C:\Users\ctw00514\.m2\repository\org\jboss\resteasy\resteasy-json-binding-provider\4.5.8.Final\resteasy-json-binding-provider-4.5.8.Final.jar;C:\Users\ctw00514\.m2\repository\org\glassfish\jakarta.json\1.1.6\jakarta.json-1.1.6.jar;C:\Users\ctw00514\.m2\repository\jakarta\json\bind\jakarta.json.bind-api\1.0.2\jakarta.json.bind-api-1.0.2.jar;C:\Users\ctw00514\.m2\repository\org\jboss\logging\jboss-logging\3.4.1.Final\jboss-logging-3.4.1.Final.jar;C:\Users\ctw00514\.m2\repository\org\jboss\resteasy\resteasy-json-p-provider\4.5.8.Final\resteasy-json-p-provider-4.5.8.Final.jar;C:\Users\ctw00514\.m2\repository\commons-io\commons-io\2.8.0\commons-io-2.8.0.jar;C:\Users\ctw00514\.m2\repository\io\quarkus\quarkus-hibernate-orm-panache\1.9.2.Final\quarkus-hibernate-orm-panache-1.9.2.Final.jar;C:\Users\ctw00514\.m2\repository\io\quarkus\quarkus-core\1.9.2.Final\quarkus-core-1.9.2.Final.jar;C:\Users\ctw00514\.m2\repository\jakarta\annotation\jakarta.annotation-api\1.3.5\jakarta.annotation-api-1.3.5.jar;C:\Users\ctw00514\.m2\repository\jakarta\enterprise\jakarta.enterprise.cdi-api\2.0.2\jakarta.enterprise.cdi-api-2.0.2.jar;C:\Users\ctw00514\.m2\repository\jakarta\el\jakarta.el-api\3.0.3\jakarta.el-api-3.0.3.jar;C:\Users\ctw00514\.m2\repository\jakarta\interceptor\jakarta.interceptor-api\1.2.5\jakarta.interceptor-api-1.2.5.jar;C:\Users\ctw00514\.m2\repository\jakarta\inject\jakarta.inject-api\1.0\jakarta.inject-api-1.0.jar;C:\Users\ctw00514\.m2\repository\io\quarkus\quarkus-ide-launcher\1.9.2.Final\quarkus-ide-launcher-1.9.2.Final.jar;C:\Users\ctw00514\.m2\repository\io\smallrye\config\smallrye-config\1.9.3\smallrye-config-1.9.3.jar;C:\Users\ctw00514\.m2\repository\io\smallrye\common\smallrye-common-annotation\1.4.0\smallrye-common-annotation-1.4.0.jar;C:\Users\ctw00514\.m2\repository\io\smallrye\config\smallrye-config-common\1.9.3\smallrye-config-common-1.9.3.jar;C:\Users\ctw00514\.m2\repository\io\smallrye\common\smallrye-common-expression\1.4.0\smallrye-common-expression-1.4.0.jar;C:\Users\ctw00514\.m2\repository\io\smallrye\common\smallrye-common-function\1.4.0\smallrye-common-function-1.4.0.jar;C:\Users\ctw00514\.m2\repository\io\smallrye\common\smallrye-common-constraint\1.4.0\smallrye-common-constraint-1.4.0.jar;C:\Users\ctw00514\.m2\repository\io\smallrye\common\smallrye-common-classloader\1.4.0\smallrye-common-classloader-1.4.0.jar;C:\Users\ctw00514\.m2\repository\org\ow2\asm\asm\8.0.1\asm-8.0.1.jar;C:\Users\ctw00514\.m2\repository\org\jboss\logmanager\jboss-logmanager-embedded\1.0.6\jboss-logmanager-embedded-1.0.6.jar;C:\Users\ctw00514\.m2\repository\org\jboss\logging\jboss-logging-annotations\2.1.0.Final\jboss-logging-annotations-2.1.0.Final.jar;C:\Users\ctw00514\.m2\repository\org\jboss\threads\jboss-threads\3.1.1.Final\jboss-threads-3.1.1.Final.jar;C:\Users\ctw00514\.m2\repository\org\slf4j\slf4j-api\1.7.30\slf4j-api-1.7.30.jar;C:\Users\ctw00514\.m2\repository\org\jboss\slf4j\slf4j-jboss-logging\1.2.0.Final\slf4j-jboss-logging-1.2.0.Final.jar;C:\Users\ctw00514\.m2\repository\org\graalvm\sdk\graal-sdk\20.2.0\graal-sdk-20.2.0.jar;C:\Users\ctw00514\.m2\repository\org\wildfly\common\wildfly-common\1.5.4.Final-format-001\wildfly-common-1.5.4.Final-format-001.jar;C:\Users\ctw00514\.m2\repository\io\quarkus\quarkus-bootstrap-runner\1.9.2.Final\quarkus-bootstrap-runner-1.9.2.Final.jar;C:\Users\ctw00514\.m2\repository\io\quarkus\quarkus-hibernate-orm\1.9.2.Final\quarkus-hibernate-orm-1.9.2.Final.jar;C:\Users\ctw00514\.m2\repository\io\quarkus\quarkus-agroal\1.9.2.Final\quarkus-agroal-1.9.2.Final.jar;C:\Users\ctw00514\.m2\repository\io\quarkus\quarkus-datasource\1.9.2.Final\quarkus-datasource-1.9.2.Final.jar;C:\Users\ctw00514\.m2\repository\io\quarkus\quarkus-datasource-common\1.9.2.Final\quarkus-datasource-common-1.9.2.Final.jar;C:\Users\ctw00514\.m2\repository\org\jboss\narayana\jta\narayana-jta\5.10.6.Final\narayana-jta-5.10.6.Final.jar;C:\Users\ctw00514\.m2\repository\org\jboss\jboss-transaction-spi\7.6.0.Final\jboss-transaction-spi-7.6.0.Final.jar;C:\Users\ctw00514\.m2\repository\org\jboss\spec\javax\resource\jboss-connector-api_1.7_spec\1.0.0.Final\jboss-connector-api_1.7_spec-1.0.0.Final.jar;C:\Users\ctw00514\.m2\repository\org\jboss\narayana\jts\narayana-jts-integration\5.10.6.Final\narayana-jts-integration-5.10.6.Final.jar;C:\Users\ctw00514\.m2\repository\io\agroal\agroal-api\1.8\agroal-api-1.8.jar;C:\Users\ctw00514\.m2\repository\io\agroal\agroal-narayana\1.8\agroal-narayana-1.8.jar;C:\Users\ctw00514\.m2\repository\io\agroal\agroal-pool\1.8\agroal-pool-1.8.jar;C:\Users\ctw00514\.m2\repository\io\quarkus\quarkus-credentials\1.9.2.Final\quarkus-credentials-1.9.2.Final.jar;C:\Users\ctw00514\.m2\repository\io\quarkus\quarkus-narayana-jta\1.9.2.Final\quarkus-narayana-jta-1.9.2.Final.jar;C:\Users\ctw00514\.m2\repository\io\quarkus\quarkus-mutiny\1.9.2.Final\quarkus-mutiny-1.9.2.Final.jar;C:\Users\ctw00514\.m2\repository\io\quarkus\quarkus-smallrye-context-propagation\1.9.2.Final\quarkus-smallrye-context-propagation-1.9.2.Final.jar;C:\Users\ctw00514\.m2\repository\io\smallrye\smallrye-context-propagation\1.0.13\smallrye-context-propagation-1.0.13.jar;C:\Users\ctw00514\.m2\repository\io\smallrye\smallrye-context-propagation-api\1.0.13\smallrye-context-propagation-api-1.0.13.jar;C:\Users\ctw00514\.m2\repository\io\smallrye\reactive\mutiny-context-propagation\0.9.0\mutiny-context-propagation-0.9.0.jar;C:\Users\ctw00514\.m2\repository\io\smallrye\smallrye-context-propagation-jta\1.0.13\smallrye-context-propagation-jta-1.0.13.jar;C:\Users\ctw00514\.m2\repository\io\smallrye\reactive\smallrye-reactive-converter-api\1.2.2\smallrye-reactive-converter-api-1.2.2.jar;C:\Users\ctw00514\.m2\repository\io\smallrye\reactive\smallrye-reactive-converter-mutiny\1.2.2\smallrye-reactive-converter-mutiny-1.2.2.jar;C:\Users\ctw00514\.m2\repository\org\hibernate\hibernate-core\5.4.22.Final\hibernate-core-5.4.22.Final.jar;C:\Users\ctw00514\.m2\repository\net\bytebuddy\byte-buddy\1.10.10\byte-buddy-1.10.10.jar;C:\Users\ctw00514\.m2\repository\antlr\antlr\2.7.7\antlr-2.7.7.jar;C:\Users\ctw00514\.m2\repository\org\dom4j\dom4j\2.1.3\dom4j-2.1.3.jar;C:\Users\ctw00514\.m2\repository\org\hibernate\common\hibernate-commons-annotations\5.1.0.Final\hibernate-commons-annotations-5.1.0.Final.jar;C:\Users\ctw00514\.m2\repository\org\hibernate\hibernate-graalvm\5.4.22.Final\hibernate-graalvm-5.4.22.Final.jar;C:\Users\ctw00514\.m2\repository\org\glassfish\jaxb\jaxb-runtime\2.3.3-b02\jaxb-runtime-2.3.3-b02.jar;C:\Users\ctw00514\.m2\repository\org\glassfish\jaxb\txw2\2.3.3-b02\txw2-2.3.3-b02.jar;C:\Users\ctw00514\.m2\repository\com\sun\istack\istack-commons-runtime\3.0.10\istack-commons-runtime-3.0.10.jar;C:\Users\ctw00514\.m2\repository\org\jboss\spec\javax\xml\bind\jboss-jaxb-api_2.3_spec\2.0.0.Final\jboss-jaxb-api_2.3_spec-2.0.0.Final.jar;C:\Users\ctw00514\.m2\repository\jakarta\persistence\jakarta.persistence-api\2.2.3\jakarta.persistence-api-2.2.3.jar;C:\Users\ctw00514\.m2\repository\jakarta\transaction\jakarta.transaction-api\1.3.3\jakarta.transaction-api-1.3.3.jar;C:\Users\ctw00514\.m2\repository\org\hibernate\quarkus-local-cache\0.1.0\quarkus-local-cache-0.1.0.jar;C:\Users\ctw00514\.m2\repository\com\github\ben-manes\caffeine\caffeine\2.8.6\caffeine-2.8.6.jar;C:\Users\ctw00514\.m2\repository\com\google\errorprone\error_prone_annotations\2.2.0\error_prone_annotations-2.2.0.jar;C:\Users\ctw00514\.m2\repository\io\quarkus\quarkus-caffeine\1.9.2.Final\quarkus-caffeine-1.9.2.Final.jar;C:\Users\ctw00514\.m2\repository\io\quarkus\quarkus-hibernate-orm-panache-common\1.9.2.Final\quarkus-hibernate-orm-panache-common-1.9.2.Final.jar;C:\Users\ctw00514\.m2\repository\io\quarkus\quarkus-panache-hibernate-common\1.9.2.Final\quarkus-panache-hibernate-common-1.9.2.Final.jar;C:\Users\ctw00514\.m2\repository\io\quarkus\quarkus-arc\1.9.2.Final\quarkus-arc-1.9.2.Final.jar;C:\Users\ctw00514\.m2\repository\io\quarkus\arc\arc\1.9.2.Final\arc-1.9.2.Final.jar;C:\Users\ctw00514\.m2\repository\org\eclipse\microprofile\context-propagation\microprofile-context-propagation-api\1.0.1\microprofile-context-propagation-api-1.0.1.jar;C:\Users\ctw00514\.m2\repository\io\quarkus\quarkus-panache-common\1.9.2.Final\quarkus-panache-common-1.9.2.Final.jar;C:\Users\ctw00514\.m2\repository\io\quarkus\quarkus-jdbc-postgresql\1.9.2.Final\quarkus-jdbc-postgresql-1.9.2.Final.jar;C:\Users\ctw00514\.m2\repository\org\postgresql\postgresql\42.2.16\postgresql-42.2.16.jar;C:\Users\ctw00514\.m2\repository\io\quarkus\quarkus-hibernate-validator\1.9.2.Final\quarkus-hibernate-validator-1.9.2.Final.jar;C:\Users\ctw00514\.m2\repository\org\hibernate\validator\hibernate-validator\6.1.6.Final\hibernate-validator-6.1.6.Final.jar;C:\Users\ctw00514\.m2\repository\com\fasterxml\classmate\1.3.4\classmate-1.3.4.jar;C:\Users\ctw00514\.m2\repository\org\glassfish\jakarta.el\3.0.3\jakarta.el-3.0.3.jar;C:\Users\ctw00514\.m2\repository\io\quarkus\quarkus-smallrye-openapi\1.9.2.Final\quarkus-smallrye-openapi-1.9.2.Final.jar;C:\Users\ctw00514\.m2\repository\io\smallrye\smallrye-open-api-core\2.0.10\smallrye-open-api-core-2.0.10.jar;C:\Users\ctw00514\.m2\repository\org\eclipse\microprofile\openapi\microprofile-openapi-api\1.1.2\microprofile-openapi-api-1.1.2.jar;C:\Users\ctw00514\.m2\repository\org\eclipse\microprofile\config\microprofile-config-api\1.4\microprofile-config-api-1.4.jar;C:\Users\ctw00514\.m2\repository\com\fasterxml\jackson\dataformat\jackson-dataformat-yaml\2.11.3\jackson-dataformat-yaml-2.11.3.jar;C:\Users\ctw00514\.m2\repository\org\yaml\snakeyaml\1.27\snakeyaml-1.27.jar;C:\Users\ctw00514\.m2\repository\org\jboss\jandex\2.2.1.Final\jandex-2.2.1.Final.jar;C:\Users\ctw00514\.m2\repository\io\quarkus\quarkus-swagger-ui\1.9.2.Final\quarkus-swagger-ui-1.9.2.Final.jar;C:\Users\ctw00514\.m2\repository\io\quarkus\quarkus-smallrye-health\1.9.2.Final\quarkus-smallrye-health-1.9.2.Final.jar;C:\Users\ctw00514\.m2\repository\io\smallrye\smallrye-health\2.2.3\smallrye-health-2.2.3.jar;C:\Users\ctw00514\.m2\repository\org\eclipse\microprofile\health\microprofile-health-api\2.2\microprofile-health-api-2.2.jar;C:\Users\ctw00514\.m2\repository\io\smallrye\smallrye-health-api\2.2.3\smallrye-health-api-2.2.3.jar;C:\Users\ctw00514\.m2\repository\io\smallrye\smallrye-health-ui\2.2.3\smallrye-health-ui-2.2.3.jar;C:\Users\ctw00514\.m2\repository\io\smallrye\smallrye-health-provided-checks\2.2.3\smallrye-health-provided-checks-2.2.3.jar;C:\Users\ctw00514\.m2\repository\io\quarkus\quarkus-jsonp\1.9.2.Final\quarkus-jsonp-1.9.2.Final.jar;C:\Users\ctw00514\.m2\repository\io\quarkus\quarkus-smallrye-metrics\1.9.2.Final\quarkus-smallrye-metrics-1.9.2.Final.jar;C:\Users\ctw00514\.m2\repository\io\smallrye\smallrye-metrics\2.4.4\smallrye-metrics-2.4.4.jar;C:\Users\ctw00514\.m2\repository\io\smallrye\smallrye-metrics-api\2.4.4\smallrye-metrics-api-2.4.4.jar;C:\Users\ctw00514\.m2\repository\org\eclipse\microprofile\metrics\microprofile-metrics-api\2.3\microprofile-metrics-api-2.3.jar;C:\Users\ctw00514\.m2\repository\io\quarkus\quarkus-junit5\1.9.2.Final\quarkus-junit5-1.9.2.Final.jar;C:\Users\ctw00514\.m2\repository\io\quarkus\quarkus-bootstrap-core\1.9.2.Final\quarkus-bootstrap-core-1.9.2.Final.jar;C:\Users\ctw00514\.m2\repository\io\quarkus\quarkus-bootstrap-app-model\1.9.2.Final\quarkus-bootstrap-app-model-1.9.2.Final.jar;C:\Users\ctw00514\.m2\repository\io\quarkus\quarkus-bootstrap-maven-resolver\1.9.2.Final\quarkus-bootstrap-maven-resolver-1.9.2.Final.jar;C:\Users\ctw00514\.m2\repository\org\apache\maven\maven-embedder\3.6.3\maven-embedder-3.6.3.jar;C:\Users\ctw00514\.m2\repository\org\apache\maven\maven-settings\3.6.3\maven-settings-3.6.3.jar;C:\Users\ctw00514\.m2\repository\org\apache\maven\maven-core\3.6.3\maven-core-3.6.3.jar;C:\Users\ctw00514\.m2\repository\org\apache\maven\maven-artifact\3.6.3\maven-artifact-3.6.3.jar;C:\Users\ctw00514\.m2\repository\org\codehaus\plexus\plexus-component-annotations\2.1.0\plexus-component-annotations-2.1.0.jar;C:\Users\ctw00514\.m2\repository\org\apache\maven\maven-plugin-api\3.6.3\maven-plugin-api-3.6.3.jar;C:\Users\ctw00514\.m2\repository\org\apache\maven\maven-model\3.6.3\maven-model-3.6.3.jar;C:\Users\ctw00514\.m2\repository\org\apache\maven\maven-model-builder\3.6.3\maven-model-builder-3.6.3.jar;C:\Users\ctw00514\.m2\repository\org\apache\maven\maven-builder-support\3.6.3\maven-builder-support-3.6.3.jar;C:\Users\ctw00514\.m2\repository\org\apache\maven\resolver\maven-resolver-api\1.4.1\maven-resolver-api-1.4.1.jar;C:\Users\ctw00514\.m2\repository\org\apache\maven\resolver\maven-resolver-util\1.4.1\maven-resolver-util-1.4.1.jar;C:\Users\ctw00514\.m2\repository\org\apache\maven\shared\maven-shared-utils\3.2.1\maven-shared-utils-3.2.1.jar;C:\Users\ctw00514\.m2\repository\com\google\inject\guice\4.2.1\guice-4.2.1-no_aop.jar;C:\Users\ctw00514\.m2\repository\com\google\guava\guava\29.0-jre\guava-29.0-jre.jar;C:\Users\ctw00514\.m2\repository\com\google\guava\failureaccess\1.0.1\failureaccess-1.0.1.jar;C:\Users\ctw00514\.m2\repository\com\google\guava\listenablefuture\9999.0-empty-to-avoid-conflict-with-guava\listenablefuture-9999.0-empty-to-avoid-conflict-with-guava.jar;C:\Users\ctw00514\.m2\repository\org\codehaus\plexus\plexus-utils\3.2.1\plexus-utils-3.2.1.jar;C:\Users\ctw00514\.m2\repository\org\codehaus\plexus\plexus-classworlds\2.6.0\plexus-classworlds-2.6.0.jar;C:\Users\ctw00514\.m2\repository\commons-cli\commons-cli\1.4\commons-cli-1.4.jar;C:\Users\ctw00514\.m2\repository\org\eclipse\sisu\org.eclipse.sisu.plexus\0.3.4\org.eclipse.sisu.plexus-0.3.4.jar;C:\Users\ctw00514\.m2\repository\org\apache\maven\maven-settings-builder\3.6.3\maven-settings-builder-3.6.3.jar;C:\Users\ctw00514\.m2\repository\org\codehaus\plexus\plexus-interpolation\1.25\plexus-interpolation-1.25.jar;C:\Users\ctw00514\.m2\repository\org\sonatype\plexus\plexus-sec-dispatcher\1.4\plexus-sec-dispatcher-1.4.jar;C:\Users\ctw00514\.m2\repository\org\sonatype\plexus\plexus-cipher\1.4\plexus-cipher-1.4.jar;C:\Users\ctw00514\.m2\repository\org\apache\maven\maven-resolver-provider\3.6.3\maven-resolver-provider-3.6.3.jar;C:\Users\ctw00514\.m2\repository\org\apache\maven\maven-repository-metadata\3.6.3\maven-repository-metadata-3.6.3.jar;C:\Users\ctw00514\.m2\repository\org\apache\maven\resolver\maven-resolver-spi\1.4.1\maven-resolver-spi-1.4.1.jar;C:\Users\ctw00514\.m2\repository\org\apache\maven\resolver\maven-resolver-impl\1.4.1\maven-resolver-impl-1.4.1.jar;C:\Users\ctw00514\.m2\repository\org\apache\maven\resolver\maven-resolver-connector-basic\1.4.1\maven-resolver-connector-basic-1.4.1.jar;C:\Users\ctw00514\.m2\repository\org\apache\maven\resolver\maven-resolver-transport-wagon\1.4.1\maven-resolver-transport-wagon-1.4.1.jar;C:\Users\ctw00514\.m2\repository\org\apache\maven\wagon\wagon-http\3.3.4\wagon-http-3.3.4.jar;C:\Users\ctw00514\.m2\repository\org\apache\maven\wagon\wagon-http-shared\3.3.4\wagon-http-shared-3.3.4.jar;C:\Users\ctw00514\.m2\repository\org\jsoup\jsoup\1.12.1\jsoup-1.12.1.jar;C:\Users\ctw00514\.m2\repository\org\apache\maven\wagon\wagon-provider-api\3.3.4\wagon-provider-api-3.3.4.jar;C:\Users\ctw00514\.m2\repository\org\apache\maven\wagon\wagon-file\3.3.4\wagon-file-3.3.4.jar;C:\Users\ctw00514\.m2\repository\io\quarkus\quarkus-bootstrap-gradle-resolver\1.9.2.Final\quarkus-bootstrap-gradle-resolver-1.9.2.Final.jar;C:\Users\ctw00514\.m2\repository\io\smallrye\common\smallrye-common-io\1.4.0\smallrye-common-io-1.4.0.jar;C:\Users\ctw00514\.m2\repository\org\eclipse\sisu\org.eclipse.sisu.inject\0.3.4\org.eclipse.sisu.inject-0.3.4.jar;C:\Users\ctw00514\.m2\repository\io\quarkus\quarkus-test-common\1.9.2.Final\quarkus-test-common-1.9.2.Final.jar;C:\Users\ctw00514\.m2\repository\io\quarkus\quarkus-core-deployment\1.9.2.Final\quarkus-core-deployment-1.9.2.Final.jar;C:\Users\ctw00514\.m2\repository\io\quarkus\gizmo\gizmo\1.0.4.Final\gizmo-1.0.4.Final.jar;C:\Users\ctw00514\.m2\repository\org\ow2\asm\asm-util\8.0.1\asm-util-8.0.1.jar;C:\Users\ctw00514\.m2\repository\org\ow2\asm\asm-tree\8.0.1\asm-tree-8.0.1.jar;C:\Users\ctw00514\.m2\repository\org\ow2\asm\asm-analysis\8.0.1\asm-analysis-8.0.1.jar;C:\Users\ctw00514\.m2\repository\io\quarkus\quarkus-devtools-utilities\1.9.2.Final\quarkus-devtools-utilities-1.9.2.Final.jar;C:\Users\ctw00514\.m2\repository\io\quarkus\quarkus-builder\1.9.2.Final\quarkus-builder-1.9.2.Final.jar;C:\Users\ctw00514\.m2\repository\io\quarkus\quarkus-jsonp-deployment\1.9.2.Final\quarkus-jsonp-deployment-1.9.2.Final.jar;C:\Users\ctw00514\.m2\repository\org\jboss\logging\commons-logging-jboss-logging\1.0.0.Final\commons-logging-jboss-logging-1.0.0.Final.jar;C:\Users\ctw00514\.m2\repository\org\junit\jupiter\junit-jupiter\5.7.0\junit-jupiter-5.7.0.jar;C:\Users\ctw00514\.m2\repository\org\junit\jupiter\junit-jupiter-params\5.7.0\junit-jupiter-params-5.7.0.jar;C:\Users\ctw00514\.m2\repository\org\junit\jupiter\junit-jupiter-engine\5.7.0\junit-jupiter-engine-5.7.0.jar;C:\Users\ctw00514\.m2\repository\org\junit\platform\junit-platform-engine\1.7.0\junit-platform-engine-1.7.0.jar;C:\Users\ctw00514\.m2\repository\com\thoughtworks\xstream\xstream\1.4.13\xstream-1.4.13.jar;C:\Users\ctw00514\.m2\repository\xmlpull\xmlpull\1.1.3.1\xmlpull-1.1.3.1.jar;C:\Users\ctw00514\.m2\repository\xpp3\xpp3_min\1.1.4c\xpp3_min-1.1.4c.jar;C:\Users\ctw00514\.m2\repository\io\rest-assured\rest-assured\4.3.0\rest-assured-4.3.0.jar;C:\Users\ctw00514\.m2\repository\org\codehaus\groovy\groovy\3.0.2\groovy-3.0.2.jar;C:\Users\ctw00514\.m2\repository\org\codehaus\groovy\groovy-xml\3.0.2\groovy-xml-3.0.2.jar;C:\Users\ctw00514\.m2\repository\org\apache\httpcomponents\httpclient\4.5.13\httpclient-4.5.13.jar;C:\Users\ctw00514\.m2\repository\org\apache\httpcomponents\httpcore\4.4.13\httpcore-4.4.13.jar;C:\Users\ctw00514\.m2\repository\commons-codec\commons-codec\1.14\commons-codec-1.14.jar;C:\Users\ctw00514\.m2\repository\org\apache\httpcomponents\httpmime\4.5.13\httpmime-4.5.13.jar;C:\Users\ctw00514\.m2\repository\org\hamcrest\hamcrest\2.1\hamcrest-2.1.jar;C:\Users\ctw00514\.m2\repository\org\ccil\cowan\tagsoup\tagsoup\1.2.1\tagsoup-1.2.1.jar;C:\Users\ctw00514\.m2\repository\io\rest-assured\json-path\4.3.0\json-path-4.3.0.jar;C:\Users\ctw00514\.m2\repository\org\codehaus\groovy\groovy-json\3.0.2\groovy-json-3.0.2.jar;C:\Users\ctw00514\.m2\repository\io\rest-assured\rest-assured-common\4.3.0\rest-assured-common-4.3.0.jar;C:\Users\ctw00514\.m2\repository\io\rest-assured\xml-path\4.3.0\xml-path-4.3.0.jar;C:\Users\ctw00514\.m2\repository\org\apache\commons\commons-lang3\3.9\commons-lang3-3.9.jar;C:\Users\ctw00514\.m2\repository\jakarta\xml\bind\jakarta.xml.bind-api\2.3.2\jakarta.xml.bind-api-2.3.2.jar;C:\Users\ctw00514\.m2\repository\jakarta\activation\jakarta.activation-api\1.2.1\jakarta.activation-api-1.2.1.jar;C:\Users\ctw00514\.m2\repository\org\apache\sling\org.apache.sling.javax.activation\0.1.0\org.apache.sling.javax.activation-0.1.0.jar;C:\Users\ctw00514\.m2\repository\com\fasterxml\jackson\core\jackson-databind\2.11.3\jackson-databind-2.11.3.jar;C:\Users\ctw00514\.m2\repository\com\fasterxml\jackson\core\jackson-annotations\2.11.3\jackson-annotations-2.11.3.jar;C:\Users\ctw00514\.m2\repository\com\fasterxml\jackson\core\jackson-core\2.11.3\jackson-core-2.11.3.jar;C:\Users\ctw00514\.m2\repository\org\testcontainers\junit-jupiter\1.12.2\junit-jupiter-1.12.2.jar;C:\Users\ctw00514\.m2\repository\org\testcontainers\testcontainers\1.12.2\testcontainers-1.12.2.jar;C:\Users\ctw00514\.m2\repository\junit\junit\4.12\junit-4.12.jar;C:\Users\ctw00514\.m2\repository\org\hamcrest\hamcrest-core\1.3\hamcrest-core-1.3.jar;C:\Users\ctw00514\.m2\repository\org\jetbrains\annotations\17.0.0\annotations-17.0.0.jar;C:\Users\ctw00514\.m2\repository\javax\annotation\javax.annotation-api\1.3.2\javax.annotation-api-1.3.2.jar;C:\Users\ctw00514\.m2\repository\org\apache\commons\commons-compress\1.20\commons-compress-1.20.jar;C:\Users\ctw00514\.m2\repository\javax\xml\bind\jaxb-api\2.3.1\jaxb-api-2.3.1.jar;C:\Users\ctw00514\.m2\repository\javax\activation\javax.activation-api\1.2.0\javax.activation-api-1.2.0.jar;C:\Users\ctw00514\.m2\repository\org\rnorth\duct-tape\duct-tape\1.0.8\duct-tape-1.0.8.jar;C:\Users\ctw00514\.m2\repository\org\rnorth\visible-assertions\visible-assertions\2.1.2\visible-assertions-2.1.2.jar;C:\Users\ctw00514\.m2\repository\org\rnorth\tcp-unix-socket-proxy\1.0.2\tcp-unix-socket-proxy-1.0.2.jar;C:\Users\ctw00514\.m2\repository\com\kohlschutter\junixsocket\junixsocket-native-common\2.0.4\junixsocket-native-common-2.0.4.jar;C:\Users\ctw00514\.m2\repository\org\scijava\native-lib-loader\2.0.2\native-lib-loader-2.0.2.jar;C:\Users\ctw00514\.m2\repository\com\kohlschutter\junixsocket\junixsocket-common\2.0.4\junixsocket-common-2.0.4.jar;C:\Users\ctw00514\.m2\repository\net\java\dev\jna\jna-platform\5.3.1\jna-platform-5.3.1.jar;C:\Users\ctw00514\.m2\repository\net\java\dev\jna\jna\5.3.1\jna-5.3.1.jar;C:\Users\ctw00514\.m2\repository\org\junit\jupiter\junit-jupiter-api\5.7.0\junit-jupiter-api-5.7.0.jar;C:\Users\ctw00514\.m2\repository\org\apiguardian\apiguardian-api\1.1.0\apiguardian-api-1.1.0.jar;C:\Users\ctw00514\.m2\repository\org\opentest4j\opentest4j\1.2.0\opentest4j-1.2.0.jar;C:\Users\ctw00514\.m2\repository\org\junit\platform\junit-platform-commons\1.7.0\junit-platform-commons-1.7.0.jar;C:\Users\ctw00514\.m2\repository\org\testcontainers\postgresql\1.12.2\postgresql-1.12.2.jar;C:\Users\ctw00514\.m2\repository\org\testcontainers\jdbc\1.12.2\jdbc-1.12.2.jar;C:\Users\ctw00514\.m2\repository\org\testcontainers\database-commons\1.12.2\database-commons-1.12.2.jar;"/>
    <property name="sun.cpu.endian" value="little"/>
    <property name="user.home" value="C:\Users\ctw00514"/>
    <property name="user.language" value="en"/>
    <property name="java.specification.vendor" value="Oracle Corporation"/>
    <property name="java.version.date" value="2020-10-20"/>
    <property name="java.home" value="C:\Program Files\Java\jdk-11.0.9"/>
    <property name="file.separator" value="\"/>
    <property name="basedir" value="C:\Users\ctw00514\Documents\Projetos\Quarkus\quarkus-super-heroes-workshop\super-heroes\rest-villain"/>
    <property name="java.vm.compressedOopsMode" value="Zero based"/>
    <property name="line.separator" value="&#10;"/>
    <property name="java.specification.name" value="Java Platform API Specification"/>
    <property name="java.vm.specification.vendor" value="Oracle Corporation"/>
    <property name="java.awt.graphicsenv" value="sun.awt.Win32GraphicsEnvironment"/>
    <property name="surefire.real.class.path" value="C:\Users\ctw00514\AppData\Local\Temp\surefire7026696625230656807\surefirebooter6407336214547510381.jar"/>
    <property name="user.script" value=""/>
    <property name="sun.management.compiler" value="HotSpot 64-Bit Tiered Compilers"/>
    <property name="java.runtime.version" value="11.0.9+7-LTS"/>
    <property name="user.name" value="ctw00514"/>
    <property name="path.separator" value=";"/>
    <property name="os.version" value="10.0"/>
    <property name="java.runtime.name" value="Java(TM) SE Runtime Environment"/>
    <property name="file.encoding" value="Cp1252"/>
    <property name="java.vm.name" value="Java HotSpot(TM) 64-Bit Server VM"/>
    <property name="java.vendor.version" value="18.9"/>
    <property name="localRepository" value="C:\Users\ctw00514\.m2\repository"/>
    <property name="java.vendor.url.bug" value="https://bugreport.java.com/bugreport/"/>
    <property name="java.io.tmpdir" value="C:\Users\ctw00514\AppData\Local\Temp\"/>
    <property name="java.version" value="11.0.9"/>
    <property name="user.dir" value="C:\Users\ctw00514\Documents\Projetos\Quarkus\quarkus-super-heroes-workshop\super-heroes\rest-villain"/>
    <property name="os.arch" value="amd64"/>
    <property name="java.vm.specification.name" value="Java Virtual Machine Specification"/>
    <property name="java.awt.printerjob" value="sun.awt.windows.WPrinterJob"/>
    <property name="user.language.format" value="pt"/>
    <property name="sun.os.patch.level" value=""/>
    <property name="java.util.logging.manager" value="org.jboss.logmanager.LogManager"/>
    <property name="java.library.path" value="C:\Program Files\Java\jdk-11.0.9\bin;C:\WINDOWS\Sun\Java\bin;C:\WINDOWS\system32;C:\WINDOWS;C:\Program Files\Common Files\Oracle\Java\javapath;C:\Program Files (x86)\Common Files\Oracle\Java\javapath;C:\Program Files\Java\jdk1.8.0_221\bin;C:\WINDOWS\system32;C:\WINDOWS;C:\WINDOWS\System32\Wbem;C:\WINDOWS\System32\WindowsPowerShell\v1.0\;C:\WINDOWS\System32\OpenSSH\;C:\Program Files\PuTTY\;C:\Users\ctw00514\Documents\Tools\apache-maven-3.6.3\bin;C:\Program Files\Intel\WiFi\bin\;C:\Program Files\Common Files\Intel\WirelessCommon\;C:\Program Files\nodejs\;C:\Program Files\Docker\Docker\resources\bin;C:\ProgramData\DockerDesktop\version-bin;C:\Users\ctw00514\AppData\Local\Microsoft\WindowsApps;C:\Users\ctw00514\AppData\Local\Programs\Microsoft VS Code\bin;C:\Users\ctw00514\AppData\Local\Programs\Git\cmd;C:\Users\ctw00514\AppData\Roaming\npm;."/>
    <property name="java.vendor" value="Oracle Corporation"/>
    <property name="java.vm.info" value="mixed mode"/>
    <property name="java.vm.version" value="11.0.9+7-LTS"/>
    <property name="sun.io.unicode.encoding" value="UnicodeLittle"/>
    <property name="java.class.version" value="55.0"/>
  </properties>
  <testcase name="shouldGetInitialItems" classname="io.quarkus.workshop.superheroes.villain.VillainResourceTest" time="0.014">
    <error message="java.lang.reflect.InvocationTargetException" type="java.lang.RuntimeException">java.lang.RuntimeException: java.lang.reflect.InvocationTargetException
Caused by: java.lang.reflect.InvocationTargetException
Caused by: java.lang.ExceptionInInitializerError
Caused by: com.github.dockerjava.api.exception.NotFoundException: 
{"message":"No such image: quay.io/testcontainers/ryuk:0.2.3"}

</error>
  </testcase>
  <testcase name="shouldAddAnItem" classname="io.quarkus.workshop.superheroes.villain.VillainResourceTest" time="0">
    <skipped message="Boot failed" type="org.opentest4j.TestAbortedException">org.opentest4j.TestAbortedException: Boot failed
</skipped>
  </testcase>
  <testcase name="testUpdatingAnItem" classname="io.quarkus.workshop.superheroes.villain.VillainResourceTest" time="0">
    <skipped message="Boot failed" type="org.opentest4j.TestAbortedException">org.opentest4j.TestAbortedException: Boot failed
</skipped>
  </testcase>
  <testcase name="shouldRemoveAnItem" classname="io.quarkus.workshop.superheroes.villain.VillainResourceTest" time="0">
    <skipped message="Boot failed" type="org.opentest4j.TestAbortedException">org.opentest4j.TestAbortedException: Boot failed
</skipped>
  </testcase>
  <testcase name="shouldGetRandomVillain" classname="io.quarkus.workshop.superheroes.villain.VillainResourceTest" time="0">
    <skipped message="Boot failed" type="org.opentest4j.TestAbortedException">org.opentest4j.TestAbortedException: Boot failed
</skipped>
  </testcase>
  <testcase name="shouldPingSwaggerUI" classname="io.quarkus.workshop.superheroes.villain.VillainResourceTest" time="0">
    <skipped message="Boot failed" type="org.opentest4j.TestAbortedException">org.opentest4j.TestAbortedException: Boot failed
</skipped>
  </testcase>
  <testcase name="shouldPingMetrics" classname="io.quarkus.workshop.superheroes.villain.VillainResourceTest" time="0">
    <skipped message="Boot failed" type="org.opentest4j.TestAbortedException">org.opentest4j.TestAbortedException: Boot failed
</skipped>
  </testcase>
  <testcase name="shouldPingReadiness" classname="io.quarkus.workshop.superheroes.villain.VillainResourceTest" time="0">
    <skipped message="Boot failed" type="org.opentest4j.TestAbortedException">org.opentest4j.TestAbortedException: Boot failed
</skipped>
  </testcase>
  <testcase name="shouldNotAddInvalidItem" classname="io.quarkus.workshop.superheroes.villain.VillainResourceTest" time="0">
    <skipped message="Boot failed" type="org.opentest4j.TestAbortedException">org.opentest4j.TestAbortedException: Boot failed
</skipped>
  </testcase>
  <testcase name="shouldPingLiveness" classname="io.quarkus.workshop.superheroes.villain.VillainResourceTest" time="0">
    <skipped message="Boot failed" type="org.opentest4j.TestAbortedException">org.opentest4j.TestAbortedException: Boot failed
</skipped>
  </testcase>
  <testcase name="shouldNotGetUnknownVillain" classname="io.quarkus.workshop.superheroes.villain.VillainResourceTest" time="0">
    <skipped message="Boot failed" type="org.opentest4j.TestAbortedException">org.opentest4j.TestAbortedException: Boot failed
</skipped>
  </testcase>
  <testcase name="testHelloEndpoint" classname="io.quarkus.workshop.superheroes.villain.VillainResourceTest" time="0">
    <skipped message="Boot failed" type="org.opentest4j.TestAbortedException">org.opentest4j.TestAbortedException: Boot failed
</skipped>
  </testcase>
  <testcase name="shouldPingOpenAPI" classname="io.quarkus.workshop.superheroes.villain.VillainResourceTest" time="0">
    <skipped message="Boot failed" type="org.opentest4j.TestAbortedException">org.opentest4j.TestAbortedException: Boot failed
</skipped>
  </testcase>
</testsuite>